Arguments: 
  /Users/dev/.nvm/versions/node/v18.13.0/bin/node /Users/dev/.nvm/versions/node/v18.13.0/bin/yarn add @types/typesense

PATH: 
  /Users/dev/.nvm/versions/node/v18.13.0/bin:/opt/homebrew/bin:/opt/homebrew/sbin:/usr/local/bin:/usr/bin:/bin:/usr/sbin:/sbin:/usr/local/go/bin:/opt/podman/bin:/Users/dev/.nvm/versions/node/v18.13.0/bin:/opt/homebrew/bin:/opt/homebrew/sbin:/Users/dev/.cargo/bin

Yarn version: 
  1.22.19

Node version: 
  18.13.0

Platform: 
  darwin arm64

Trace: 
  Error: https://registry.yarnpkg.com/@types%2ftypesense: Not found
      at params.callback [as _callback] (/Users/dev/.nvm/versions/node/v18.13.0/lib/node_modules/yarn/lib/cli.js:66145:18)
      at self.callback (/Users/dev/.nvm/versions/node/v18.13.0/lib/node_modules/yarn/lib/cli.js:140890:22)
      at Request.emit (node:events:513:28)
      at Request.<anonymous> (/Users/dev/.nvm/versions/node/v18.13.0/lib/node_modules/yarn/lib/cli.js:141862:10)
      at Request.emit (node:events:513:28)
      at IncomingMessage.<anonymous> (/Users/dev/.nvm/versions/node/v18.13.0/lib/node_modules/yarn/lib/cli.js:141784:12)
      at Object.onceWrapper (node:events:627:28)
      at IncomingMessage.emit (node:events:525:35)
      at endReadableNT (node:internal/streams/readable:1359:12)
      at process.processTicksAndRejections (node:internal/process/task_queues:82:21)

npm manifest: 
  {
    "name": "mongo-typesense-docker",
    "version": "1.0.0",
    "main": "bin/index.js",
    "repository": "https://github.com/EricMarcantonio/mongo-typesense-docker.git",
    "author": "Eric Marcantonio <eric11marcantonio@gmail.com>",
    "license": "MIT",
    "devDependencies": {
      "typescript": "^4.9.4"
    },
    "dependencies": {
      "typesense": "^1.4.6"
    }
  }

yarn manifest: 
  No manifest

Lockfile: 
  # THIS IS AN AUTOGENERATED FILE. DO NOT EDIT THIS FILE DIRECTLY.
  # yarn lockfile v1
  
  
  axios@^0.26.0:
    version "0.26.1"
    resolved "https://registry.yarnpkg.com/axios/-/axios-0.26.1.tgz#1ede41c51fcf51bbbd6fd43669caaa4f0495aaa9"
    integrity sha512-fPwcX4EvnSHuInCMItEhAGnaSEXRBjtzh9fOtsE6E1G6p7vl7edEeZe11QHf18+6+9gR5PbKV/sGKNaD8YaMeA==
    dependencies:
      follow-redirects "^1.14.8"
  
  follow-redirects@^1.14.8:
    version "1.15.2"
    resolved "https://registry.yarnpkg.com/follow-redirects/-/follow-redirects-1.15.2.tgz#b460864144ba63f2681096f274c4e57026da2c13"
    integrity sha512-VQLG33o04KaQ8uYi2tVNbdrWp1QWxNNea+nmIB4EVM28v0hmP17z7aG1+wAkNzVq4KeXTq3221ye5qTJP91JwA==
  
  loglevel@^1.8.0:
    version "1.8.1"
    resolved "https://registry.yarnpkg.com/loglevel/-/loglevel-1.8.1.tgz#5c621f83d5b48c54ae93b6156353f555963377b4"
    integrity sha512-tCRIJM51SHjAayKwC+QAg8hT8vg6z7GSgLJKGvzuPb1Wc+hLzqtuVLxp6/HzSPOozuK+8ErAhy7U/sVzw8Dgfg==
  
  typescript@^4.9.4:
    version "4.9.4"
    resolved "https://registry.yarnpkg.com/typescript/-/typescript-4.9.4.tgz#a2a3d2756c079abda241d75f149df9d561091e78"
    integrity sha512-Uz+dTXYzxXXbsFpM86Wh3dKCxrQqUcVMxwU54orwlJjOpO3ao8L7j5lH+dWfTwgCwIuM9GQ2kvVotzYJMXTBZg==
  
  typesense@^1.4.6:
    version "1.4.6"
    resolved "https://registry.yarnpkg.com/typesense/-/typesense-1.4.6.tgz#0fb5480f37c62255ae5b3af8b0e3892ce6103051"
    integrity sha512-8Be8UPmlDJIauc6TEo1pHhBTlueM4U18nJ7pIzL0OvVqqDtyyEyXrBo0296T512lo9PFxLG+Gk2B5/muc22L8g==
    dependencies:
      axios "^0.26.0"
      loglevel "^1.8.0"
